<?xml version="1.0" encoding="UTF-8"?>
<!-- Generated by org.testng.reporters.JUnitReportReporter -->
<testsuite hostname="CNLDLF2586" failures="0" tests="3" name="com.qa.testscripts.AutomationPanda_Scenario_01" time="10.569" errors="0" timestamp="2023-08-19T21:03:37 IST" skipped="0">
  <testcase classname="com.qa.testscripts.AutomationPanda_Scenario_01" name="verifyingMessageSent" time="0.191"/>
  <system-out/>
  <testcase classname="com.qa.testscripts.AutomationPanda_Scenario_01" name="verifyingTitle" time="0.039"/>
  <system-out/>
  <testcase classname="com.qa.testscripts.AutomationPanda_Scenario_01" name="verifyingContactPage" time="10.339"/>
  <system-out/>
</testsuite> <!-- com.qa.testscripts.AutomationPanda_Scenario_01 -->
